#! /c/Source/iverilog-install/bin/vvp
:ivl_version "12.0 (devel)" "(s20150603-1539-g2693dd32b)";
:ivl_delay_selection "TYPICAL";
:vpi_time_precision - 12;
:vpi_module "C:\iverilog\lib\ivl\system.vpi";
:vpi_module "C:\iverilog\lib\ivl\vhdl_sys.vpi";
:vpi_module "C:\iverilog\lib\ivl\vhdl_textio.vpi";
:vpi_module "C:\iverilog\lib\ivl\v2005_math.vpi";
:vpi_module "C:\iverilog\lib\ivl\va_math.vpi";
S_000001d851b0ab60 .scope module, "TrafficLightController_tb" "TrafficLightController_tb" 2 4;
 .timescale -9 -12;
v000001d851bc28e0_0 .net "LA", 1 0, v000001d851b92df0_0;  1 drivers
v000001d851bc2980_0 .net "LB", 1 0, v000001d851b92b70_0;  1 drivers
v000001d851bc2a20_0 .var "clk", 0 0;
v000001d851bc2ac0_0 .var "reset", 0 0;
v000001d851bc33d0_0 .var "traffic_A", 0 0;
v000001d851bc3a10_0 .var "traffic_B", 0 0;
S_000001d851bcb9c0 .scope module, "UUT" "TrafficLightController" 2 15, 3 1 0, S_000001d851b0ab60;
 .timescale -9 -12;
    .port_info 0 /INPUT 1 "clk";
    .port_info 1 /INPUT 1 "reset";
    .port_info 2 /INPUT 1 "traffic_A";
    .port_info 3 /INPUT 1 "traffic_B";
    .port_info 4 /OUTPUT 2 "LA";
    .port_info 5 /OUTPUT 2 "LB";
P_000001d851b0acf0 .param/l "S0" 0 3 11, C4<00>;
P_000001d851b0ad28 .param/l "S1" 0 3 12, C4<01>;
P_000001d851b0ad60 .param/l "S2" 0 3 13, C4<10>;
P_000001d851b0ad98 .param/l "S3" 0 3 14, C4<11>;
v000001d851b92df0_0 .var "LA", 1 0;
v000001d851b92b70_0 .var "LB", 1 0;
v000001d851b0bdc0_0 .net "clk", 0 0, v000001d851bc2a20_0;  1 drivers
v000001d851b0be60_0 .var "next_state", 1 0;
v000001d851b0bf00_0 .net "reset", 0 0, v000001d851bc2ac0_0;  1 drivers
v000001d851bcbb50_0 .var "state", 1 0;
v000001d851bcbbf0_0 .net "traffic_A", 0 0, v000001d851bc33d0_0;  1 drivers
v000001d851bcbc90_0 .net "traffic_B", 0 0, v000001d851bc3a10_0;  1 drivers
v000001d851bcbd30_0 .var/i "yellow_timer", 31 0;
E_000001d851bb6ef0 .event posedge, v000001d851b0bdc0_0;
E_000001d851bb7330 .event anyedge, v000001d851bcbb50_0, v000001d851bcbbf0_0, v000001d851bcbd30_0, v000001d851bcbc90_0;
E_000001d851bb7470 .event posedge, v000001d851b0bf00_0, v000001d851b0bdc0_0;
    .scope S_000001d851bcb9c0;
T_0 ;
    %wait E_000001d851bb7470;
    %load/vec4 v000001d851b0bf00_0;
    %flag_set/vec4 8;
    %jmp/0xz  T_0.0, 8;
    %pushi/vec4 0, 0, 2;
    %assign/vec4 v000001d851bcbb50_0, 0;
    %pushi/vec4 0, 0, 32;
    %assign/vec4 v000001d851bcbd30_0, 0;
    %jmp T_0.1;
T_0.0 ;
    %load/vec4 v000001d851b0be60_0;
    %assign/vec4 v000001d851bcbb50_0, 0;
T_0.1 ;
    %jmp T_0;
    .thread T_0;
    .scope S_000001d851bcb9c0;
T_1 ;
    %wait E_000001d851bb7330;
    %load/vec4 v000001d851bcbb50_0;
    %dup/vec4;
    %pushi/vec4 0, 0, 2;
    %cmp/u;
    %jmp/1 T_1.0, 6;
    %dup/vec4;
    %pushi/vec4 1, 0, 2;
    %cmp/u;
    %jmp/1 T_1.1, 6;
    %dup/vec4;
    %pushi/vec4 2, 0, 2;
    %cmp/u;
    %jmp/1 T_1.2, 6;
    %dup/vec4;
    %pushi/vec4 3, 0, 2;
    %cmp/u;
    %jmp/1 T_1.3, 6;
    %jmp T_1.4;
T_1.0 ;
    %pushi/vec4 2, 0, 2;
    %store/vec4 v000001d851b92df0_0, 0, 2;
    %pushi/vec4 0, 0, 2;
    %store/vec4 v000001d851b92b70_0, 0, 2;
    %load/vec4 v000001d851bcbbf0_0;
    %nor/r;
    %flag_set/vec4 8;
    %jmp/0xz  T_1.5, 8;
    %pushi/vec4 1, 0, 2;
    %store/vec4 v000001d851b0be60_0, 0, 2;
    %jmp T_1.6;
T_1.5 ;
    %pushi/vec4 0, 0, 2;
    %store/vec4 v000001d851b0be60_0, 0, 2;
T_1.6 ;
    %jmp T_1.4;
T_1.1 ;
    %pushi/vec4 1, 0, 2;
    %store/vec4 v000001d851b92df0_0, 0, 2;
    %pushi/vec4 0, 0, 2;
    %store/vec4 v000001d851b92b70_0, 0, 2;
    %load/vec4 v000001d851bcbd30_0;
    %cmpi/s 5, 0, 32;
    %flag_inv 5; GE is !LT
    %jmp/0xz  T_1.7, 5;
    %pushi/vec4 2, 0, 2;
    %store/vec4 v000001d851b0be60_0, 0, 2;
    %jmp T_1.8;
T_1.7 ;
    %pushi/vec4 1, 0, 2;
    %store/vec4 v000001d851b0be60_0, 0, 2;
T_1.8 ;
    %jmp T_1.4;
T_1.2 ;
    %pushi/vec4 0, 0, 2;
    %store/vec4 v000001d851b92df0_0, 0, 2;
    %pushi/vec4 2, 0, 2;
    %store/vec4 v000001d851b92b70_0, 0, 2;
    %load/vec4 v000001d851bcbc90_0;
    %nor/r;
    %flag_set/vec4 8;
    %jmp/0xz  T_1.9, 8;
    %pushi/vec4 3, 0, 2;
    %store/vec4 v000001d851b0be60_0, 0, 2;
    %jmp T_1.10;
T_1.9 ;
    %pushi/vec4 2, 0, 2;
    %store/vec4 v000001d851b0be60_0, 0, 2;
T_1.10 ;
    %jmp T_1.4;
T_1.3 ;
    %pushi/vec4 0, 0, 2;
    %store/vec4 v000001d851b92df0_0, 0, 2;
    %pushi/vec4 1, 0, 2;
    %store/vec4 v000001d851b92b70_0, 0, 2;
    %load/vec4 v000001d851bcbd30_0;
    %cmpi/s 5, 0, 32;
    %flag_inv 5; GE is !LT
    %jmp/0xz  T_1.11, 5;
    %pushi/vec4 0, 0, 2;
    %store/vec4 v000001d851b0be60_0, 0, 2;
    %jmp T_1.12;
T_1.11 ;
    %pushi/vec4 3, 0, 2;
    %store/vec4 v000001d851b0be60_0, 0, 2;
T_1.12 ;
    %jmp T_1.4;
T_1.4 ;
    %pop/vec4 1;
    %jmp T_1;
    .thread T_1, $push;
    .scope S_000001d851bcb9c0;
T_2 ;
    %wait E_000001d851bb6ef0;
    %load/vec4 v000001d851bcbb50_0;
    %cmpi/e 1, 0, 2;
    %jmp/1 T_2.2, 4;
    %flag_mov 8, 4;
    %load/vec4 v000001d851bcbb50_0;
    %cmpi/e 3, 0, 2;
    %flag_or 4, 8;
T_2.2;
    %jmp/0xz  T_2.0, 4;
    %load/vec4 v000001d851bcbd30_0;
    %addi 1, 0, 32;
    %assign/vec4 v000001d851bcbd30_0, 0;
    %jmp T_2.1;
T_2.0 ;
    %pushi/vec4 0, 0, 32;
    %assign/vec4 v000001d851bcbd30_0, 0;
T_2.1 ;
    %jmp T_2;
    .thread T_2;
    .scope S_000001d851b0ab60;
T_3 ;
    %pushi/vec4 0, 0, 1;
    %store/vec4 v000001d851bc2a20_0, 0, 1;
T_3.0 ;
    %delay 5000, 0;
    %load/vec4 v000001d851bc2a20_0;
    %inv;
    %store/vec4 v000001d851bc2a20_0, 0, 1;
    %jmp T_3.0;
    %end;
    .thread T_3;
    .scope S_000001d851b0ab60;
T_4 ;
    %vpi_call 2 32 "$dumpfile", "TrafficLightController_tb.vcd" {0 0 0};
    %vpi_call 2 33 "$dumpvars", 32'sb00000000000000000000000000000000, S_000001d851b0ab60 {0 0 0};
    %pushi/vec4 1, 0, 1;
    %store/vec4 v000001d851bc2ac0_0, 0, 1;
    %pushi/vec4 0, 0, 1;
    %store/vec4 v000001d851bc33d0_0, 0, 1;
    %pushi/vec4 0, 0, 1;
    %store/vec4 v000001d851bc3a10_0, 0, 1;
    %delay 10000, 0;
    %pushi/vec4 0, 0, 1;
    %store/vec4 v000001d851bc2ac0_0, 0, 1;
    %delay 10000, 0;
    %pushi/vec4 1, 0, 1;
    %store/vec4 v000001d851bc33d0_0, 0, 1;
    %delay 50000, 0;
    %pushi/vec4 0, 0, 1;
    %store/vec4 v000001d851bc33d0_0, 0, 1;
    %pushi/vec4 1, 0, 1;
    %store/vec4 v000001d851bc3a10_0, 0, 1;
    %delay 50000, 0;
    %pushi/vec4 0, 0, 1;
    %store/vec4 v000001d851bc3a10_0, 0, 1;
    %delay 50000, 0;
    %delay 10000, 0;
    %vpi_call 2 58 "$finish" {0 0 0};
    %end;
    .thread T_4;
# The file index is used to find the file name in the following table.
:file_names 4;
    "N/A";
    "<interactive>";
    "TrafficLightController_tb.v";
    "./TrafficLightController.v";
