#! /c/Source/iverilog-install/bin/vvp
:ivl_version "12.0 (devel)" "(s20150603-1539-g2693dd32b)";
:ivl_delay_selection "TYPICAL";
:vpi_time_precision + 0;
:vpi_module "C:\iverilog\lib\ivl\system.vpi";
:vpi_module "C:\iverilog\lib\ivl\vhdl_sys.vpi";
:vpi_module "C:\iverilog\lib\ivl\vhdl_textio.vpi";
:vpi_module "C:\iverilog\lib\ivl\v2005_math.vpi";
:vpi_module "C:\iverilog\lib\ivl\va_math.vpi";
S_0000029fd4d92840 .scope module, "TrafficLightController" "TrafficLightController" 2 1;
 .timescale 0 0;
    .port_info 0 /INPUT 1 "clk";
    .port_info 1 /INPUT 1 "reset";
    .port_info 2 /INPUT 1 "traffic_A";
    .port_info 3 /INPUT 1 "traffic_B";
    .port_info 4 /OUTPUT 2 "LA";
    .port_info 5 /OUTPUT 2 "LB";
P_0000029fd4d7bec0 .param/l "S0" 0 2 11, C4<00>;
P_0000029fd4d7bef8 .param/l "S1" 0 2 12, C4<01>;
P_0000029fd4d7bf30 .param/l "S2" 0 2 13, C4<10>;
P_0000029fd4d7bf68 .param/l "S3" 0 2 14, C4<11>;
v0000029fd4d92db0_0 .var "LA", 1 0;
v0000029fd4d929d0_0 .var "LB", 1 0;
o0000029fd4dcc018 .functor BUFZ 1, C4<z>; HiZ drive
v0000029fd4d92a70_0 .net "clk", 0 0, o0000029fd4dcc018;  0 drivers
v0000029fd4d92b10_0 .var "next_state", 1 0;
o0000029fd4dcc078 .functor BUFZ 1, C4<z>; HiZ drive
v0000029fd4e10c20_0 .net "reset", 0 0, o0000029fd4dcc078;  0 drivers
v0000029fd4e10cc0_0 .var "state", 1 0;
o0000029fd4dcc0d8 .functor BUFZ 1, C4<z>; HiZ drive
v0000029fd4e10d60_0 .net "traffic_A", 0 0, o0000029fd4dcc0d8;  0 drivers
o0000029fd4dcc108 .functor BUFZ 1, C4<z>; HiZ drive
v0000029fd4e10e00_0 .net "traffic_B", 0 0, o0000029fd4dcc108;  0 drivers
v0000029fd4e10ea0_0 .var/i "yellow_timer", 31 0;
E_0000029fd4dc9c10 .event posedge, v0000029fd4d92a70_0;
E_0000029fd4dca050 .event anyedge, v0000029fd4e10cc0_0, v0000029fd4e10d60_0, v0000029fd4e10ea0_0, v0000029fd4e10e00_0;
E_0000029fd4dc99d0 .event posedge, v0000029fd4e10c20_0, v0000029fd4d92a70_0;
    .scope S_0000029fd4d92840;
T_0 ;
    %wait E_0000029fd4dc99d0;
    %load/vec4 v0000029fd4e10c20_0;
    %flag_set/vec4 8;
    %jmp/0xz  T_0.0, 8;
    %pushi/vec4 0, 0, 2;
    %assign/vec4 v0000029fd4e10cc0_0, 0;
    %pushi/vec4 0, 0, 32;
    %assign/vec4 v0000029fd4e10ea0_0, 0;
    %jmp T_0.1;
T_0.0 ;
    %load/vec4 v0000029fd4d92b10_0;
    %assign/vec4 v0000029fd4e10cc0_0, 0;
T_0.1 ;
    %jmp T_0;
    .thread T_0;
    .scope S_0000029fd4d92840;
T_1 ;
    %wait E_0000029fd4dca050;
    %load/vec4 v0000029fd4e10cc0_0;
    %dup/vec4;
    %pushi/vec4 0, 0, 2;
    %cmp/u;
    %jmp/1 T_1.0, 6;
    %dup/vec4;
    %pushi/vec4 1, 0, 2;
    %cmp/u;
    %jmp/1 T_1.1, 6;
    %dup/vec4;
    %pushi/vec4 2, 0, 2;
    %cmp/u;
    %jmp/1 T_1.2, 6;
    %dup/vec4;
    %pushi/vec4 3, 0, 2;
    %cmp/u;
    %jmp/1 T_1.3, 6;
    %jmp T_1.4;
T_1.0 ;
    %pushi/vec4 2, 0, 2;
    %store/vec4 v0000029fd4d92db0_0, 0, 2;
    %pushi/vec4 0, 0, 2;
    %store/vec4 v0000029fd4d929d0_0, 0, 2;
    %load/vec4 v0000029fd4e10d60_0;
    %nor/r;
    %flag_set/vec4 8;
    %jmp/0xz  T_1.5, 8;
    %pushi/vec4 1, 0, 2;
    %store/vec4 v0000029fd4d92b10_0, 0, 2;
    %jmp T_1.6;
T_1.5 ;
    %pushi/vec4 0, 0, 2;
    %store/vec4 v0000029fd4d92b10_0, 0, 2;
T_1.6 ;
    %jmp T_1.4;
T_1.1 ;
    %pushi/vec4 1, 0, 2;
    %store/vec4 v0000029fd4d92db0_0, 0, 2;
    %pushi/vec4 0, 0, 2;
    %store/vec4 v0000029fd4d929d0_0, 0, 2;
    %load/vec4 v0000029fd4e10ea0_0;
    %cmpi/s 5, 0, 32;
    %flag_inv 5; GE is !LT
    %jmp/0xz  T_1.7, 5;
    %pushi/vec4 2, 0, 2;
    %store/vec4 v0000029fd4d92b10_0, 0, 2;
    %jmp T_1.8;
T_1.7 ;
    %pushi/vec4 1, 0, 2;
    %store/vec4 v0000029fd4d92b10_0, 0, 2;
T_1.8 ;
    %jmp T_1.4;
T_1.2 ;
    %pushi/vec4 0, 0, 2;
    %store/vec4 v0000029fd4d92db0_0, 0, 2;
    %pushi/vec4 2, 0, 2;
    %store/vec4 v0000029fd4d929d0_0, 0, 2;
    %load/vec4 v0000029fd4e10e00_0;
    %nor/r;
    %flag_set/vec4 8;
    %jmp/0xz  T_1.9, 8;
    %pushi/vec4 3, 0, 2;
    %store/vec4 v0000029fd4d92b10_0, 0, 2;
    %jmp T_1.10;
T_1.9 ;
    %pushi/vec4 2, 0, 2;
    %store/vec4 v0000029fd4d92b10_0, 0, 2;
T_1.10 ;
    %jmp T_1.4;
T_1.3 ;
    %pushi/vec4 0, 0, 2;
    %store/vec4 v0000029fd4d92db0_0, 0, 2;
    %pushi/vec4 1, 0, 2;
    %store/vec4 v0000029fd4d929d0_0, 0, 2;
    %load/vec4 v0000029fd4e10ea0_0;
    %cmpi/s 5, 0, 32;
    %flag_inv 5; GE is !LT
    %jmp/0xz  T_1.11, 5;
    %pushi/vec4 0, 0, 2;
    %store/vec4 v0000029fd4d92b10_0, 0, 2;
    %jmp T_1.12;
T_1.11 ;
    %pushi/vec4 3, 0, 2;
    %store/vec4 v0000029fd4d92b10_0, 0, 2;
T_1.12 ;
    %jmp T_1.4;
T_1.4 ;
    %pop/vec4 1;
    %jmp T_1;
    .thread T_1, $push;
    .scope S_0000029fd4d92840;
T_2 ;
    %wait E_0000029fd4dc9c10;
    %load/vec4 v0000029fd4e10cc0_0;
    %cmpi/e 1, 0, 2;
    %jmp/1 T_2.2, 4;
    %flag_mov 8, 4;
    %load/vec4 v0000029fd4e10cc0_0;
    %cmpi/e 3, 0, 2;
    %flag_or 4, 8;
T_2.2;
    %jmp/0xz  T_2.0, 4;
    %load/vec4 v0000029fd4e10ea0_0;
    %addi 1, 0, 32;
    %assign/vec4 v0000029fd4e10ea0_0, 0;
    %jmp T_2.1;
T_2.0 ;
    %pushi/vec4 0, 0, 32;
    %assign/vec4 v0000029fd4e10ea0_0, 0;
T_2.1 ;
    %jmp T_2;
    .thread T_2;
# The file index is used to find the file name in the following table.
:file_names 3;
    "N/A";
    "<interactive>";
    "TrafficLightController.v";
